19-Oct-2016 14:32:11.795 INFO [main] org.apache.catalina.startup.VersionLoggerListener.log Server version:        Apache Tomcat/8.0.33
19-Oct-2016 14:32:11.797 INFO [main] org.apache.catalina.startup.VersionLoggerListener.log Server built:          Mar 18 2016 20:31:49 UTC
19-Oct-2016 14:32:11.797 INFO [main] org.apache.catalina.startup.VersionLoggerListener.log Server number:         8.0.33.0
19-Oct-2016 14:32:11.798 INFO [main] org.apache.catalina.startup.VersionLoggerListener.log OS Name:               Linux
19-Oct-2016 14:32:11.798 INFO [main] org.apache.catalina.startup.VersionLoggerListener.log OS Version:            4.2.0-35-generic
19-Oct-2016 14:32:11.798 INFO [main] org.apache.catalina.startup.VersionLoggerListener.log Architecture:          amd64
19-Oct-2016 14:32:11.798 INFO [main] org.apache.catalina.startup.VersionLoggerListener.log Java Home:             /usr/lib/jvm/java-7-oracle/jre
19-Oct-2016 14:32:11.799 INFO [main] org.apache.catalina.startup.VersionLoggerListener.log JVM Version:           1.7.0_80-b15
19-Oct-2016 14:32:11.799 INFO [main] org.apache.catalina.startup.VersionLoggerListener.log JVM Vendor:            Oracle Corporation
19-Oct-2016 14:32:11.799 INFO [main] org.apache.catalina.startup.VersionLoggerListener.log CATALINA_BASE:         /home/igor/university/3rd/web-programming/LearnSpring/tomcat
19-Oct-2016 14:32:11.799 INFO [main] org.apache.catalina.startup.VersionLoggerListener.log CATALINA_HOME:         /home/igor/Documents/apache-tomcat-8.0.33
19-Oct-2016 14:32:11.800 INFO [main] org.apache.catalina.startup.VersionLoggerListener.log Command line argument: -Djava.util.logging.config.file=/home/igor/university/3rd/web-programming/LearnSpring/tomcat/conf/logging.properties
19-Oct-2016 14:32:11.800 INFO [main] org.apache.catalina.startup.VersionLoggerListener.log Command line argument: -Djava.util.logging.manager=org.apache.juli.ClassLoaderLogManager
19-Oct-2016 14:32:11.801 INFO [main] org.apache.catalina.startup.VersionLoggerListener.log Command line argument: -Djava.endorsed.dirs=/home/igor/Documents/apache-tomcat-8.0.33/endorsed
19-Oct-2016 14:32:11.801 INFO [main] org.apache.catalina.startup.VersionLoggerListener.log Command line argument: -Dcatalina.base=/home/igor/university/3rd/web-programming/LearnSpring/tomcat
19-Oct-2016 14:32:11.801 INFO [main] org.apache.catalina.startup.VersionLoggerListener.log Command line argument: -Dcatalina.home=/home/igor/Documents/apache-tomcat-8.0.33
19-Oct-2016 14:32:11.801 INFO [main] org.apache.catalina.startup.VersionLoggerListener.log Command line argument: -Djava.io.tmpdir=/home/igor/university/3rd/web-programming/LearnSpring/tomcat/temp
19-Oct-2016 14:32:11.801 INFO [main] org.apache.catalina.core.AprLifecycleListener.lifecycleEvent The APR based Apache Tomcat Native library which allows optimal performance in production environments was not found on the java.library.path: /usr/java/packages/lib/amd64:/usr/lib64:/lib64:/lib:/usr/lib
19-Oct-2016 14:32:12.220 INFO [main] org.apache.coyote.AbstractProtocol.init Initializing ProtocolHandler ["http-nio-8080"]
19-Oct-2016 14:32:12.258 INFO [main] org.apache.tomcat.util.net.NioSelectorPool.getSharedSelector Using a shared selector for servlet write/read
19-Oct-2016 14:32:12.264 INFO [main] org.apache.coyote.AbstractProtocol.init Initializing ProtocolHandler ["ajp-nio-8009"]
19-Oct-2016 14:32:12.269 INFO [main] org.apache.tomcat.util.net.NioSelectorPool.getSharedSelector Using a shared selector for servlet write/read
19-Oct-2016 14:32:12.269 INFO [main] org.apache.catalina.startup.Catalina.load Initialization processed in 1732 ms
19-Oct-2016 14:32:12.342 INFO [main] org.apache.catalina.core.StandardService.startInternal Starting service Catalina
19-Oct-2016 14:32:12.343 INFO [main] org.apache.catalina.core.StandardEngine.startInternal Starting Servlet Engine: Apache Tomcat/8.0.33
19-Oct-2016 14:32:12.405 INFO [localhost-startStop-1] org.apache.catalina.startup.HostConfig.deployWAR Deploying web application archive /home/igor/university/3rd/web-programming/LearnSpring/tomcat/webapps/spring.war
19-Oct-2016 14:32:12.549 INFO [localhost-startStop-1] org.apache.catalina.startup.ExpandWar.expand An expanded directory [/home/igor/university/3rd/web-programming/LearnSpring/tomcat/webapps/spring] was found with a last modified time that did not match the associated WAR. It will be deleted.
19-Oct-2016 14:32:19.553 INFO [localhost-startStop-1] org.apache.jasper.servlet.TldScanner.scanJars At least one JAR was scanned for TLDs yet contained no TLDs. Enable debug logging for this logger for a complete list of JARs that were scanned but no TLDs were found in them. Skipping unneeded JARs during scanning can improve startup time and JSP compilation time.
19-Oct-2016 14:32:19.686 INFO [localhost-startStop-1] org.apache.catalina.startup.HostConfig.deployWAR Deployment of web application archive /home/igor/university/3rd/web-programming/LearnSpring/tomcat/webapps/spring.war has finished in 7,279 ms
19-Oct-2016 14:32:19.686 INFO [localhost-startStop-1] org.apache.catalina.startup.HostConfig.deployWAR Deploying web application archive /home/igor/university/3rd/web-programming/LearnSpring/tomcat/webapps/learn-spring-0.1.0.war
19-Oct-2016 14:32:23.053 INFO [localhost-startStop-1] org.apache.jasper.servlet.TldScanner.scanJars At least one JAR was scanned for TLDs yet contained no TLDs. Enable debug logging for this logger for a complete list of JARs that were scanned but no TLDs were found in them. Skipping unneeded JARs during scanning can improve startup time and JSP compilation time.
19-Oct-2016 14:32:23.058 SEVERE [localhost-startStop-1] org.apache.catalina.core.StandardContext.startInternal One or more listeners failed to start. Full details will be found in the appropriate container log file
19-Oct-2016 14:32:23.062 SEVERE [localhost-startStop-1] org.apache.catalina.core.StandardContext.startInternal Context [/learn-spring-0.1.0] startup failed due to previous errors
19-Oct-2016 14:32:23.085 INFO [localhost-startStop-1] org.apache.catalina.startup.HostConfig.deployWAR Deployment of web application archive /home/igor/university/3rd/web-programming/LearnSpring/tomcat/webapps/learn-spring-0.1.0.war has finished in 3,399 ms
19-Oct-2016 14:32:23.094 INFO [main] org.apache.coyote.AbstractProtocol.start Starting ProtocolHandler ["http-nio-8080"]
19-Oct-2016 14:32:23.110 INFO [main] org.apache.coyote.AbstractProtocol.start Starting ProtocolHandler ["ajp-nio-8009"]
19-Oct-2016 14:32:23.112 INFO [main] org.apache.catalina.startup.Catalina.start Server startup in 10842 ms
19-Oct-2016 14:32:38.689 INFO [Thread-5] org.apache.coyote.AbstractProtocol.pause Pausing ProtocolHandler ["http-nio-8080"]
19-Oct-2016 14:32:38.744 INFO [Thread-5] org.apache.coyote.AbstractProtocol.pause Pausing ProtocolHandler ["ajp-nio-8009"]
19-Oct-2016 14:32:38.795 INFO [Thread-5] org.apache.catalina.core.StandardService.stopInternal Stopping service Catalina
19-Oct-2016 14:32:38.853 INFO [Thread-5] org.apache.coyote.AbstractProtocol.stop Stopping ProtocolHandler ["http-nio-8080"]
19-Oct-2016 14:32:38.915 INFO [Thread-5] org.apache.coyote.AbstractProtocol.stop Stopping ProtocolHandler ["ajp-nio-8009"]
19-Oct-2016 14:32:38.917 INFO [Thread-5] org.apache.coyote.AbstractProtocol.destroy Destroying ProtocolHandler ["http-nio-8080"]
19-Oct-2016 14:32:38.918 INFO [Thread-5] org.apache.coyote.AbstractProtocol.destroy Destroying ProtocolHandler ["ajp-nio-8009"]
19-Oct-2016 14:38:08.841 INFO [main] org.apache.catalina.startup.VersionLoggerListener.log Server version:        Apache Tomcat/8.0.33
19-Oct-2016 14:38:08.844 INFO [main] org.apache.catalina.startup.VersionLoggerListener.log Server built:          Mar 18 2016 20:31:49 UTC
19-Oct-2016 14:38:08.844 INFO [main] org.apache.catalina.startup.VersionLoggerListener.log Server number:         8.0.33.0
19-Oct-2016 14:38:08.844 INFO [main] org.apache.catalina.startup.VersionLoggerListener.log OS Name:               Linux
19-Oct-2016 14:38:08.845 INFO [main] org.apache.catalina.startup.VersionLoggerListener.log OS Version:            4.2.0-35-generic
19-Oct-2016 14:38:08.845 INFO [main] org.apache.catalina.startup.VersionLoggerListener.log Architecture:          amd64
19-Oct-2016 14:38:08.845 INFO [main] org.apache.catalina.startup.VersionLoggerListener.log Java Home:             /usr/lib/jvm/java-7-oracle/jre
19-Oct-2016 14:38:08.846 INFO [main] org.apache.catalina.startup.VersionLoggerListener.log JVM Version:           1.7.0_80-b15
19-Oct-2016 14:38:08.846 INFO [main] org.apache.catalina.startup.VersionLoggerListener.log JVM Vendor:            Oracle Corporation
19-Oct-2016 14:38:08.846 INFO [main] org.apache.catalina.startup.VersionLoggerListener.log CATALINA_BASE:         /home/igor/university/3rd/web-programming/LearnSpring/tomcat
19-Oct-2016 14:38:08.847 INFO [main] org.apache.catalina.startup.VersionLoggerListener.log CATALINA_HOME:         /home/igor/Documents/apache-tomcat-8.0.33
19-Oct-2016 14:38:08.848 INFO [main] org.apache.catalina.startup.VersionLoggerListener.log Command line argument: -Djava.util.logging.config.file=/home/igor/university/3rd/web-programming/LearnSpring/tomcat/conf/logging.properties
19-Oct-2016 14:38:08.848 INFO [main] org.apache.catalina.startup.VersionLoggerListener.log Command line argument: -Djava.util.logging.manager=org.apache.juli.ClassLoaderLogManager
19-Oct-2016 14:38:08.848 INFO [main] org.apache.catalina.startup.VersionLoggerListener.log Command line argument: -Djava.endorsed.dirs=/home/igor/Documents/apache-tomcat-8.0.33/endorsed
19-Oct-2016 14:38:08.849 INFO [main] org.apache.catalina.startup.VersionLoggerListener.log Command line argument: -Dcatalina.base=/home/igor/university/3rd/web-programming/LearnSpring/tomcat
19-Oct-2016 14:38:08.849 INFO [main] org.apache.catalina.startup.VersionLoggerListener.log Command line argument: -Dcatalina.home=/home/igor/Documents/apache-tomcat-8.0.33
19-Oct-2016 14:38:08.849 INFO [main] org.apache.catalina.startup.VersionLoggerListener.log Command line argument: -Djava.io.tmpdir=/home/igor/university/3rd/web-programming/LearnSpring/tomcat/temp
19-Oct-2016 14:38:08.850 INFO [main] org.apache.catalina.core.AprLifecycleListener.lifecycleEvent The APR based Apache Tomcat Native library which allows optimal performance in production environments was not found on the java.library.path: /usr/java/packages/lib/amd64:/usr/lib64:/lib64:/lib:/usr/lib
19-Oct-2016 14:38:09.224 INFO [main] org.apache.coyote.AbstractProtocol.init Initializing ProtocolHandler ["http-nio-8080"]
19-Oct-2016 14:38:09.276 INFO [main] org.apache.tomcat.util.net.NioSelectorPool.getSharedSelector Using a shared selector for servlet write/read
19-Oct-2016 14:38:09.283 INFO [main] org.apache.coyote.AbstractProtocol.init Initializing ProtocolHandler ["ajp-nio-8009"]
19-Oct-2016 14:38:09.290 INFO [main] org.apache.tomcat.util.net.NioSelectorPool.getSharedSelector Using a shared selector for servlet write/read
19-Oct-2016 14:38:09.291 INFO [main] org.apache.catalina.startup.Catalina.load Initialization processed in 1658 ms
19-Oct-2016 14:38:09.347 INFO [main] org.apache.catalina.core.StandardService.startInternal Starting service Catalina
19-Oct-2016 14:38:09.348 INFO [main] org.apache.catalina.core.StandardEngine.startInternal Starting Servlet Engine: Apache Tomcat/8.0.33
19-Oct-2016 14:38:09.419 INFO [localhost-startStop-1] org.apache.catalina.startup.HostConfig.deployWAR Deploying web application archive /home/igor/university/3rd/web-programming/LearnSpring/tomcat/webapps/spring.war
19-Oct-2016 14:38:09.565 INFO [localhost-startStop-1] org.apache.catalina.startup.ExpandWar.expand An expanded directory [/home/igor/university/3rd/web-programming/LearnSpring/tomcat/webapps/spring] was found with a last modified time that did not match the associated WAR. It will be deleted.
19-Oct-2016 14:38:17.561 INFO [localhost-startStop-1] org.apache.jasper.servlet.TldScanner.scanJars At least one JAR was scanned for TLDs yet contained no TLDs. Enable debug logging for this logger for a complete list of JARs that were scanned but no TLDs were found in them. Skipping unneeded JARs during scanning can improve startup time and JSP compilation time.
19-Oct-2016 14:38:17.661 INFO [localhost-startStop-1] org.springframework.web.context.ContextLoader.initWebApplicationContext Root WebApplicationContext: initialization started
19-Oct-2016 14:38:17.842 INFO [localhost-startStop-1] org.springframework.web.context.support.XmlWebApplicationContext.prepareRefresh Refreshing Root WebApplicationContext: startup date [Wed Oct 19 14:38:17 MSK 2016]; root of context hierarchy
19-Oct-2016 14:38:17.928 INFO [localhost-startStop-1] org.springframework.beans.factory.xml.XmlBeanDefinitionReader.loadBeanDefinitions Loading XML bean definitions from ServletContext resource [/WEB-INF/applicationContext.xml]
19-Oct-2016 14:38:18.299 INFO [localhost-startStop-1] org.springframework.web.context.ContextLoader.initWebApplicationContext Root WebApplicationContext: initialization completed in 637 ms
19-Oct-2016 14:38:18.407 INFO [localhost-startStop-1] org.springframework.web.servlet.DispatcherServlet.initServletBean FrameworkServlet 'dispatcher': initialization started
19-Oct-2016 14:38:18.415 INFO [localhost-startStop-1] org.springframework.web.context.support.XmlWebApplicationContext.prepareRefresh Refreshing WebApplicationContext for namespace 'dispatcher-servlet': startup date [Wed Oct 19 14:38:18 MSK 2016]; parent: Root WebApplicationContext
19-Oct-2016 14:38:18.418 INFO [localhost-startStop-1] org.springframework.beans.factory.xml.XmlBeanDefinitionReader.loadBeanDefinitions Loading XML bean definitions from ServletContext resource [/WEB-INF/dispatcher-servlet.xml]
19-Oct-2016 14:38:18.836 INFO [localhost-startStop-1] org.springframework.web.servlet.DispatcherServlet.initServletBean FrameworkServlet 'dispatcher': initialization completed in 428 ms
19-Oct-2016 14:38:18.856 INFO [localhost-startStop-1] org.apache.catalina.startup.HostConfig.deployWAR Deployment of web application archive /home/igor/university/3rd/web-programming/LearnSpring/tomcat/webapps/spring.war has finished in 9,436 ms
19-Oct-2016 14:38:18.857 INFO [localhost-startStop-1] org.apache.catalina.startup.HostConfig.deployWAR Deploying web application archive /home/igor/university/3rd/web-programming/LearnSpring/tomcat/webapps/learn-spring-0.1.0.war
19-Oct-2016 14:38:23.824 INFO [localhost-startStop-1] org.apache.jasper.servlet.TldScanner.scanJars At least one JAR was scanned for TLDs yet contained no TLDs. Enable debug logging for this logger for a complete list of JARs that were scanned but no TLDs were found in them. Skipping unneeded JARs during scanning can improve startup time and JSP compilation time.
19-Oct-2016 14:38:23.830 INFO [localhost-startStop-1] org.springframework.web.context.ContextLoader.initWebApplicationContext Root WebApplicationContext: initialization started
19-Oct-2016 14:38:23.836 INFO [localhost-startStop-1] org.springframework.web.context.support.XmlWebApplicationContext.prepareRefresh Refreshing Root WebApplicationContext: startup date [Wed Oct 19 14:38:23 MSK 2016]; root of context hierarchy
19-Oct-2016 14:38:23.840 INFO [localhost-startStop-1] org.springframework.beans.factory.xml.XmlBeanDefinitionReader.loadBeanDefinitions Loading XML bean definitions from ServletContext resource [/WEB-INF/applicationContext.xml]
19-Oct-2016 14:38:23.888 INFO [localhost-startStop-1] org.springframework.web.context.ContextLoader.initWebApplicationContext Root WebApplicationContext: initialization completed in 58 ms
19-Oct-2016 14:38:23.896 INFO [localhost-startStop-1] org.springframework.web.servlet.DispatcherServlet.initServletBean FrameworkServlet 'dispatcher': initialization started
19-Oct-2016 14:38:23.899 INFO [localhost-startStop-1] org.springframework.web.context.support.XmlWebApplicationContext.prepareRefresh Refreshing WebApplicationContext for namespace 'dispatcher-servlet': startup date [Wed Oct 19 14:38:23 MSK 2016]; parent: Root WebApplicationContext
19-Oct-2016 14:38:23.901 INFO [localhost-startStop-1] org.springframework.beans.factory.xml.XmlBeanDefinitionReader.loadBeanDefinitions Loading XML bean definitions from ServletContext resource [/WEB-INF/dispatcher-servlet.xml]
19-Oct-2016 14:38:23.975 INFO [localhost-startStop-1] org.springframework.web.servlet.DispatcherServlet.initServletBean FrameworkServlet 'dispatcher': initialization completed in 78 ms
19-Oct-2016 14:38:23.978 INFO [localhost-startStop-1] org.apache.catalina.startup.HostConfig.deployWAR Deployment of web application archive /home/igor/university/3rd/web-programming/LearnSpring/tomcat/webapps/learn-spring-0.1.0.war has finished in 5,121 ms
19-Oct-2016 14:38:23.985 INFO [main] org.apache.coyote.AbstractProtocol.start Starting ProtocolHandler ["http-nio-8080"]
19-Oct-2016 14:38:23.999 INFO [main] org.apache.coyote.AbstractProtocol.start Starting ProtocolHandler ["ajp-nio-8009"]
19-Oct-2016 14:38:24.001 INFO [main] org.apache.catalina.startup.Catalina.start Server startup in 14709 ms
19-Oct-2016 20:37:52.065 INFO [main] org.apache.catalina.startup.VersionLoggerListener.log Server version:        Apache Tomcat/8.0.33
19-Oct-2016 20:37:52.068 INFO [main] org.apache.catalina.startup.VersionLoggerListener.log Server built:          Mar 18 2016 20:31:49 UTC
19-Oct-2016 20:37:52.068 INFO [main] org.apache.catalina.startup.VersionLoggerListener.log Server number:         8.0.33.0
19-Oct-2016 20:37:52.069 INFO [main] org.apache.catalina.startup.VersionLoggerListener.log OS Name:               Linux
19-Oct-2016 20:37:52.069 INFO [main] org.apache.catalina.startup.VersionLoggerListener.log OS Version:            4.2.0-35-generic
19-Oct-2016 20:37:52.069 INFO [main] org.apache.catalina.startup.VersionLoggerListener.log Architecture:          amd64
19-Oct-2016 20:37:52.070 INFO [main] org.apache.catalina.startup.VersionLoggerListener.log Java Home:             /usr/lib/jvm/java-7-oracle/jre
19-Oct-2016 20:37:52.070 INFO [main] org.apache.catalina.startup.VersionLoggerListener.log JVM Version:           1.7.0_80-b15
19-Oct-2016 20:37:52.070 INFO [main] org.apache.catalina.startup.VersionLoggerListener.log JVM Vendor:            Oracle Corporation
19-Oct-2016 20:37:52.070 INFO [main] org.apache.catalina.startup.VersionLoggerListener.log CATALINA_BASE:         /home/igor/university/3rd/web-programming/LearnSpring/tomcat
19-Oct-2016 20:37:52.071 INFO [main] org.apache.catalina.startup.VersionLoggerListener.log CATALINA_HOME:         /home/igor/Documents/apache-tomcat-8.0.33
19-Oct-2016 20:37:52.072 INFO [main] org.apache.catalina.startup.VersionLoggerListener.log Command line argument: -Djava.util.logging.config.file=/home/igor/university/3rd/web-programming/LearnSpring/tomcat/conf/logging.properties
19-Oct-2016 20:37:52.072 INFO [main] org.apache.catalina.startup.VersionLoggerListener.log Command line argument: -Djava.util.logging.manager=org.apache.juli.ClassLoaderLogManager
19-Oct-2016 20:37:52.072 INFO [main] org.apache.catalina.startup.VersionLoggerListener.log Command line argument: -Djava.endorsed.dirs=/home/igor/Documents/apache-tomcat-8.0.33/endorsed
19-Oct-2016 20:37:52.072 INFO [main] org.apache.catalina.startup.VersionLoggerListener.log Command line argument: -Dcatalina.base=/home/igor/university/3rd/web-programming/LearnSpring/tomcat
19-Oct-2016 20:37:52.072 INFO [main] org.apache.catalina.startup.VersionLoggerListener.log Command line argument: -Dcatalina.home=/home/igor/Documents/apache-tomcat-8.0.33
19-Oct-2016 20:37:52.073 INFO [main] org.apache.catalina.startup.VersionLoggerListener.log Command line argument: -Djava.io.tmpdir=/home/igor/university/3rd/web-programming/LearnSpring/tomcat/temp
19-Oct-2016 20:37:52.073 INFO [main] org.apache.catalina.core.AprLifecycleListener.lifecycleEvent The APR based Apache Tomcat Native library which allows optimal performance in production environments was not found on the java.library.path: /usr/java/packages/lib/amd64:/usr/lib64:/lib64:/lib:/usr/lib
19-Oct-2016 20:37:52.399 INFO [main] org.apache.coyote.AbstractProtocol.init Initializing ProtocolHandler ["http-nio-8080"]
19-Oct-2016 20:37:52.433 INFO [main] org.apache.tomcat.util.net.NioSelectorPool.getSharedSelector Using a shared selector for servlet write/read
19-Oct-2016 20:37:52.440 INFO [main] org.apache.coyote.AbstractProtocol.init Initializing ProtocolHandler ["ajp-nio-8009"]
19-Oct-2016 20:37:52.446 INFO [main] org.apache.tomcat.util.net.NioSelectorPool.getSharedSelector Using a shared selector for servlet write/read
19-Oct-2016 20:37:52.446 INFO [main] org.apache.catalina.startup.Catalina.load Initialization processed in 1258 ms
19-Oct-2016 20:37:52.503 INFO [main] org.apache.catalina.core.StandardService.startInternal Starting service Catalina
19-Oct-2016 20:37:52.504 INFO [main] org.apache.catalina.core.StandardEngine.startInternal Starting Servlet Engine: Apache Tomcat/8.0.33
19-Oct-2016 20:37:52.556 INFO [localhost-startStop-1] org.apache.catalina.startup.HostConfig.deployWAR Deploying web application archive /home/igor/university/3rd/web-programming/LearnSpring/tomcat/webapps/spring.war
19-Oct-2016 20:38:00.095 INFO [localhost-startStop-1] org.apache.jasper.servlet.TldScanner.scanJars At least one JAR was scanned for TLDs yet contained no TLDs. Enable debug logging for this logger for a complete list of JARs that were scanned but no TLDs were found in them. Skipping unneeded JARs during scanning can improve startup time and JSP compilation time.
19-Oct-2016 20:38:00.175 INFO [localhost-startStop-1] org.springframework.web.context.ContextLoader.initWebApplicationContext Root WebApplicationContext: initialization started
19-Oct-2016 20:38:00.353 INFO [localhost-startStop-1] org.springframework.web.context.support.XmlWebApplicationContext.prepareRefresh Refreshing Root WebApplicationContext: startup date [Wed Oct 19 20:38:00 MSK 2016]; root of context hierarchy
19-Oct-2016 20:38:00.449 INFO [localhost-startStop-1] org.springframework.beans.factory.xml.XmlBeanDefinitionReader.loadBeanDefinitions Loading XML bean definitions from ServletContext resource [/WEB-INF/applicationContext.xml]
19-Oct-2016 20:38:00.669 INFO [localhost-startStop-1] org.springframework.web.context.ContextLoader.initWebApplicationContext Root WebApplicationContext: initialization completed in 493 ms
19-Oct-2016 20:38:00.757 INFO [localhost-startStop-1] org.springframework.web.servlet.DispatcherServlet.initServletBean FrameworkServlet 'dispatcher': initialization started
19-Oct-2016 20:38:00.765 INFO [localhost-startStop-1] org.springframework.web.context.support.XmlWebApplicationContext.prepareRefresh Refreshing WebApplicationContext for namespace 'dispatcher-servlet': startup date [Wed Oct 19 20:38:00 MSK 2016]; parent: Root WebApplicationContext
19-Oct-2016 20:38:00.768 INFO [localhost-startStop-1] org.springframework.beans.factory.xml.XmlBeanDefinitionReader.loadBeanDefinitions Loading XML bean definitions from ServletContext resource [/WEB-INF/dispatcher-servlet.xml]
19-Oct-2016 20:38:01.024 INFO [localhost-startStop-1] org.springframework.web.servlet.DispatcherServlet.initServletBean FrameworkServlet 'dispatcher': initialization completed in 266 ms
19-Oct-2016 20:38:01.039 INFO [localhost-startStop-1] org.apache.catalina.startup.HostConfig.deployWAR Deployment of web application archive /home/igor/university/3rd/web-programming/LearnSpring/tomcat/webapps/spring.war has finished in 8,483 ms
19-Oct-2016 20:38:01.043 INFO [main] org.apache.coyote.AbstractProtocol.start Starting ProtocolHandler ["http-nio-8080"]
19-Oct-2016 20:38:01.054 INFO [main] org.apache.coyote.AbstractProtocol.start Starting ProtocolHandler ["ajp-nio-8009"]
19-Oct-2016 20:38:01.056 INFO [main] org.apache.catalina.startup.Catalina.start Server startup in 8609 ms
19-Oct-2016 20:38:37.944 INFO [Thread-5] org.apache.coyote.AbstractProtocol.pause Pausing ProtocolHandler ["http-nio-8080"]
19-Oct-2016 20:38:37.999 INFO [Thread-5] org.apache.coyote.AbstractProtocol.pause Pausing ProtocolHandler ["ajp-nio-8009"]
19-Oct-2016 20:38:38.050 INFO [Thread-5] org.apache.catalina.core.StandardService.stopInternal Stopping service Catalina
19-Oct-2016 20:38:38.057 INFO [localhost-startStop-2] org.springframework.web.context.support.XmlWebApplicationContext.doClose Closing WebApplicationContext for namespace 'dispatcher-servlet': startup date [Wed Oct 19 20:38:00 MSK 2016]; parent: Root WebApplicationContext
19-Oct-2016 20:38:38.075 INFO [localhost-startStop-2] org.springframework.web.context.support.XmlWebApplicationContext.doClose Closing Root WebApplicationContext: startup date [Wed Oct 19 20:38:00 MSK 2016]; root of context hierarchy
19-Oct-2016 20:38:38.095 INFO [Thread-5] org.apache.coyote.AbstractProtocol.stop Stopping ProtocolHandler ["http-nio-8080"]
19-Oct-2016 20:38:38.193 INFO [Thread-5] org.apache.coyote.AbstractProtocol.stop Stopping ProtocolHandler ["ajp-nio-8009"]
19-Oct-2016 20:38:38.294 INFO [Thread-5] org.apache.coyote.AbstractProtocol.destroy Destroying ProtocolHandler ["http-nio-8080"]
19-Oct-2016 20:38:38.295 INFO [Thread-5] org.apache.coyote.AbstractProtocol.destroy Destroying ProtocolHandler ["ajp-nio-8009"]
19-Oct-2016 20:39:06.483 INFO [main] org.apache.catalina.startup.VersionLoggerListener.log Server version:        Apache Tomcat/8.0.33
19-Oct-2016 20:39:06.486 INFO [main] org.apache.catalina.startup.VersionLoggerListener.log Server built:          Mar 18 2016 20:31:49 UTC
19-Oct-2016 20:39:06.486 INFO [main] org.apache.catalina.startup.VersionLoggerListener.log Server number:         8.0.33.0
19-Oct-2016 20:39:06.486 INFO [main] org.apache.catalina.startup.VersionLoggerListener.log OS Name:               Linux
19-Oct-2016 20:39:06.486 INFO [main] org.apache.catalina.startup.VersionLoggerListener.log OS Version:            4.2.0-35-generic
19-Oct-2016 20:39:06.486 INFO [main] org.apache.catalina.startup.VersionLoggerListener.log Architecture:          amd64
19-Oct-2016 20:39:06.486 INFO [main] org.apache.catalina.startup.VersionLoggerListener.log Java Home:             /usr/lib/jvm/java-7-oracle/jre
19-Oct-2016 20:39:06.487 INFO [main] org.apache.catalina.startup.VersionLoggerListener.log JVM Version:           1.7.0_80-b15
19-Oct-2016 20:39:06.487 INFO [main] org.apache.catalina.startup.VersionLoggerListener.log JVM Vendor:            Oracle Corporation
19-Oct-2016 20:39:06.487 INFO [main] org.apache.catalina.startup.VersionLoggerListener.log CATALINA_BASE:         /home/igor/university/3rd/web-programming/LearnSpring/tomcat
19-Oct-2016 20:39:06.487 INFO [main] org.apache.catalina.startup.VersionLoggerListener.log CATALINA_HOME:         /home/igor/Documents/apache-tomcat-8.0.33
19-Oct-2016 20:39:06.488 INFO [main] org.apache.catalina.startup.VersionLoggerListener.log Command line argument: -Djava.util.logging.config.file=/home/igor/university/3rd/web-programming/LearnSpring/tomcat/conf/logging.properties
19-Oct-2016 20:39:06.488 INFO [main] org.apache.catalina.startup.VersionLoggerListener.log Command line argument: -Djava.util.logging.manager=org.apache.juli.ClassLoaderLogManager
19-Oct-2016 20:39:06.488 INFO [main] org.apache.catalina.startup.VersionLoggerListener.log Command line argument: -Djava.endorsed.dirs=/home/igor/Documents/apache-tomcat-8.0.33/endorsed
19-Oct-2016 20:39:06.488 INFO [main] org.apache.catalina.startup.VersionLoggerListener.log Command line argument: -Dcatalina.base=/home/igor/university/3rd/web-programming/LearnSpring/tomcat
19-Oct-2016 20:39:06.489 INFO [main] org.apache.catalina.startup.VersionLoggerListener.log Command line argument: -Dcatalina.home=/home/igor/Documents/apache-tomcat-8.0.33
19-Oct-2016 20:39:06.489 INFO [main] org.apache.catalina.startup.VersionLoggerListener.log Command line argument: -Djava.io.tmpdir=/home/igor/university/3rd/web-programming/LearnSpring/tomcat/temp
19-Oct-2016 20:39:06.489 INFO [main] org.apache.catalina.core.AprLifecycleListener.lifecycleEvent The APR based Apache Tomcat Native library which allows optimal performance in production environments was not found on the java.library.path: /usr/java/packages/lib/amd64:/usr/lib64:/lib64:/lib:/usr/lib
19-Oct-2016 20:39:06.829 INFO [main] org.apache.coyote.AbstractProtocol.init Initializing ProtocolHandler ["http-nio-80"]
19-Oct-2016 20:39:06.852 SEVERE [main] org.apache.coyote.AbstractProtocol.init Failed to initialize end point associated with ProtocolHandler ["http-nio-80"]
 java.net.SocketException: Permission denied
	at sun.nio.ch.Net.bind0(Native Method)
	at sun.nio.ch.Net.bind(Net.java:463)
	at sun.nio.ch.Net.bind(Net.java:455)
	at sun.nio.ch.ServerSocketChannelImpl.bind(ServerSocketChannelImpl.java:223)
	at sun.nio.ch.ServerSocketAdaptor.bind(ServerSocketAdaptor.java:74)
	at org.apache.tomcat.util.net.NioEndpoint.bind(NioEndpoint.java:340)
	at org.apache.tomcat.util.net.AbstractEndpoint.init(AbstractEndpoint.java:750)
	at org.apache.coyote.AbstractProtocol.init(AbstractProtocol.java:458)
	at org.apache.coyote.http11.AbstractHttp11JsseProtocol.init(AbstractHttp11JsseProtocol.java:120)
	at org.apache.catalina.connector.Connector.initInternal(Connector.java:960)
	at org.apache.catalina.util.LifecycleBase.init(LifecycleBase.java:102)
	at org.apache.catalina.core.StandardService.initInternal(StandardService.java:568)
	at org.apache.catalina.util.LifecycleBase.init(LifecycleBase.java:102)
	at org.apache.catalina.core.StandardServer.initInternal(StandardServer.java:869)
	at org.apache.catalina.util.LifecycleBase.init(LifecycleBase.java:102)
	at org.apache.catalina.startup.Catalina.load(Catalina.java:580)
	at org.apache.catalina.startup.Catalina.load(Catalina.java:603)
	at sun.reflect.NativeMethodAccessorImpl.invoke0(Native Method)
	at sun.reflect.NativeMethodAccessorImpl.invoke(NativeMethodAccessorImpl.java:57)
	at sun.reflect.DelegatingMethodAccessorImpl.invoke(DelegatingMethodAccessorImpl.java:43)
	at java.lang.reflect.Method.invoke(Method.java:606)
	at org.apache.catalina.startup.Bootstrap.load(Bootstrap.java:310)
	at org.apache.catalina.startup.Bootstrap.main(Bootstrap.java:484)

19-Oct-2016 20:39:06.855 SEVERE [main] org.apache.catalina.core.StandardService.initInternal Failed to initialize connector [Connector[HTTP/1.1-80]]
 org.apache.catalina.LifecycleException: Failed to initialize component [Connector[HTTP/1.1-80]]
	at org.apache.catalina.util.LifecycleBase.init(LifecycleBase.java:106)
	at org.apache.catalina.core.StandardService.initInternal(StandardService.java:568)
	at org.apache.catalina.util.LifecycleBase.init(LifecycleBase.java:102)
	at org.apache.catalina.core.StandardServer.initInternal(StandardServer.java:869)
	at org.apache.catalina.util.LifecycleBase.init(LifecycleBase.java:102)
	at org.apache.catalina.startup.Catalina.load(Catalina.java:580)
	at org.apache.catalina.startup.Catalina.load(Catalina.java:603)
	at sun.reflect.NativeMethodAccessorImpl.invoke0(Native Method)
	at sun.reflect.NativeMethodAccessorImpl.invoke(NativeMethodAccessorImpl.java:57)
	at sun.reflect.DelegatingMethodAccessorImpl.invoke(DelegatingMethodAccessorImpl.java:43)
	at java.lang.reflect.Method.invoke(Method.java:606)
	at org.apache.catalina.startup.Bootstrap.load(Bootstrap.java:310)
	at org.apache.catalina.startup.Bootstrap.main(Bootstrap.java:484)
Caused by: org.apache.catalina.LifecycleException: Protocol handler initialization failed
	at org.apache.catalina.connector.Connector.initInternal(Connector.java:962)
	at org.apache.catalina.util.LifecycleBase.init(LifecycleBase.java:102)
	... 12 more
Caused by: java.net.SocketException: Permission denied
	at sun.nio.ch.Net.bind0(Native Method)
	at sun.nio.ch.Net.bind(Net.java:463)
	at sun.nio.ch.Net.bind(Net.java:455)
	at sun.nio.ch.ServerSocketChannelImpl.bind(ServerSocketChannelImpl.java:223)
	at sun.nio.ch.ServerSocketAdaptor.bind(ServerSocketAdaptor.java:74)
	at org.apache.tomcat.util.net.NioEndpoint.bind(NioEndpoint.java:340)
	at org.apache.tomcat.util.net.AbstractEndpoint.init(AbstractEndpoint.java:750)
	at org.apache.coyote.AbstractProtocol.init(AbstractProtocol.java:458)
	at org.apache.coyote.http11.AbstractHttp11JsseProtocol.init(AbstractHttp11JsseProtocol.java:120)
	at org.apache.catalina.connector.Connector.initInternal(Connector.java:960)
	... 13 more

19-Oct-2016 20:39:06.856 INFO [main] org.apache.coyote.AbstractProtocol.init Initializing ProtocolHandler ["ajp-nio-8009"]
19-Oct-2016 20:39:06.863 INFO [main] org.apache.tomcat.util.net.NioSelectorPool.getSharedSelector Using a shared selector for servlet write/read
19-Oct-2016 20:39:06.868 INFO [main] org.apache.catalina.startup.Catalina.load Initialization processed in 1548 ms
19-Oct-2016 20:39:06.923 INFO [main] org.apache.catalina.core.StandardService.startInternal Starting service Catalina
19-Oct-2016 20:39:06.923 INFO [main] org.apache.catalina.core.StandardEngine.startInternal Starting Servlet Engine: Apache Tomcat/8.0.33
19-Oct-2016 20:39:06.981 INFO [localhost-startStop-1] org.apache.catalina.startup.HostConfig.deployWAR Deploying web application archive /home/igor/university/3rd/web-programming/LearnSpring/tomcat/webapps/spring.war
19-Oct-2016 20:39:13.842 INFO [localhost-startStop-1] org.apache.jasper.servlet.TldScanner.scanJars At least one JAR was scanned for TLDs yet contained no TLDs. Enable debug logging for this logger for a complete list of JARs that were scanned but no TLDs were found in them. Skipping unneeded JARs during scanning can improve startup time and JSP compilation time.
19-Oct-2016 20:39:13.935 INFO [localhost-startStop-1] org.springframework.web.context.ContextLoader.initWebApplicationContext Root WebApplicationContext: initialization started
19-Oct-2016 20:39:14.123 INFO [localhost-startStop-1] org.springframework.web.context.support.XmlWebApplicationContext.prepareRefresh Refreshing Root WebApplicationContext: startup date [Wed Oct 19 20:39:14 MSK 2016]; root of context hierarchy
19-Oct-2016 20:39:14.216 INFO [localhost-startStop-1] org.springframework.beans.factory.xml.XmlBeanDefinitionReader.loadBeanDefinitions Loading XML bean definitions from ServletContext resource [/WEB-INF/applicationContext.xml]
19-Oct-2016 20:39:14.374 INFO [localhost-startStop-1] org.springframework.web.context.ContextLoader.initWebApplicationContext Root WebApplicationContext: initialization completed in 439 ms
19-Oct-2016 20:39:14.422 INFO [localhost-startStop-1] org.springframework.web.servlet.DispatcherServlet.initServletBean FrameworkServlet 'dispatcher': initialization started
19-Oct-2016 20:39:14.427 INFO [localhost-startStop-1] org.springframework.web.context.support.XmlWebApplicationContext.prepareRefresh Refreshing WebApplicationContext for namespace 'dispatcher-servlet': startup date [Wed Oct 19 20:39:14 MSK 2016]; parent: Root WebApplicationContext
19-Oct-2016 20:39:14.429 INFO [localhost-startStop-1] org.springframework.beans.factory.xml.XmlBeanDefinitionReader.loadBeanDefinitions Loading XML bean definitions from ServletContext resource [/WEB-INF/dispatcher-servlet.xml]
19-Oct-2016 20:39:14.742 INFO [localhost-startStop-1] org.springframework.web.servlet.DispatcherServlet.initServletBean FrameworkServlet 'dispatcher': initialization completed in 319 ms
19-Oct-2016 20:39:14.766 INFO [localhost-startStop-1] org.apache.catalina.startup.HostConfig.deployWAR Deployment of web application archive /home/igor/university/3rd/web-programming/LearnSpring/tomcat/webapps/spring.war has finished in 7,783 ms
19-Oct-2016 20:39:14.773 INFO [main] org.apache.coyote.AbstractProtocol.start Starting ProtocolHandler ["ajp-nio-8009"]
19-Oct-2016 20:39:14.785 INFO [main] org.apache.catalina.startup.Catalina.start Server startup in 7916 ms
19-Oct-2016 20:39:56.173 INFO [Thread-4] org.apache.coyote.AbstractProtocol.pause Pausing ProtocolHandler ["http-nio-80"]
19-Oct-2016 20:39:56.173 INFO [Thread-4] org.apache.coyote.AbstractProtocol.pause Pausing ProtocolHandler ["ajp-nio-8009"]
19-Oct-2016 20:39:56.229 INFO [Thread-4] org.apache.catalina.core.StandardService.stopInternal Stopping service Catalina
19-Oct-2016 20:39:56.237 INFO [localhost-startStop-2] org.springframework.web.context.support.XmlWebApplicationContext.doClose Closing WebApplicationContext for namespace 'dispatcher-servlet': startup date [Wed Oct 19 20:39:14 MSK 2016]; parent: Root WebApplicationContext
19-Oct-2016 20:39:56.247 INFO [localhost-startStop-2] org.springframework.web.context.support.XmlWebApplicationContext.doClose Closing Root WebApplicationContext: startup date [Wed Oct 19 20:39:14 MSK 2016]; root of context hierarchy
19-Oct-2016 20:39:56.266 INFO [Thread-4] org.apache.coyote.AbstractProtocol.stop Stopping ProtocolHandler ["ajp-nio-8009"]
19-Oct-2016 20:39:56.268 INFO [Thread-4] org.apache.coyote.AbstractProtocol.stop Stopping ProtocolHandler ["http-nio-80"]
19-Oct-2016 20:39:56.269 INFO [Thread-4] org.apache.coyote.AbstractProtocol.destroy Destroying ProtocolHandler ["http-nio-80"]
19-Oct-2016 20:39:56.269 INFO [Thread-4] org.apache.coyote.AbstractProtocol.destroy Destroying ProtocolHandler ["ajp-nio-8009"]
19-Oct-2016 20:40:02.177 INFO [main] org.apache.catalina.startup.VersionLoggerListener.log Server version:        Apache Tomcat/8.0.33
19-Oct-2016 20:40:02.179 INFO [main] org.apache.catalina.startup.VersionLoggerListener.log Server built:          Mar 18 2016 20:31:49 UTC
19-Oct-2016 20:40:02.179 INFO [main] org.apache.catalina.startup.VersionLoggerListener.log Server number:         8.0.33.0
19-Oct-2016 20:40:02.179 INFO [main] org.apache.catalina.startup.VersionLoggerListener.log OS Name:               Linux
19-Oct-2016 20:40:02.180 INFO [main] org.apache.catalina.startup.VersionLoggerListener.log OS Version:            4.2.0-35-generic
19-Oct-2016 20:40:02.180 INFO [main] org.apache.catalina.startup.VersionLoggerListener.log Architecture:          amd64
19-Oct-2016 20:40:02.180 INFO [main] org.apache.catalina.startup.VersionLoggerListener.log Java Home:             /usr/lib/jvm/java-7-oracle/jre
19-Oct-2016 20:40:02.180 INFO [main] org.apache.catalina.startup.VersionLoggerListener.log JVM Version:           1.7.0_80-b15
19-Oct-2016 20:40:02.180 INFO [main] org.apache.catalina.startup.VersionLoggerListener.log JVM Vendor:            Oracle Corporation
19-Oct-2016 20:40:02.181 INFO [main] org.apache.catalina.startup.VersionLoggerListener.log CATALINA_BASE:         /home/igor/university/3rd/web-programming/LearnSpring/tomcat
19-Oct-2016 20:40:02.181 INFO [main] org.apache.catalina.startup.VersionLoggerListener.log CATALINA_HOME:         /home/igor/Documents/apache-tomcat-8.0.33
19-Oct-2016 20:40:02.181 INFO [main] org.apache.catalina.startup.VersionLoggerListener.log Command line argument: -Djava.util.logging.config.file=/home/igor/university/3rd/web-programming/LearnSpring/tomcat/conf/logging.properties
19-Oct-2016 20:40:02.182 INFO [main] org.apache.catalina.startup.VersionLoggerListener.log Command line argument: -Djava.util.logging.manager=org.apache.juli.ClassLoaderLogManager
19-Oct-2016 20:40:02.182 INFO [main] org.apache.catalina.startup.VersionLoggerListener.log Command line argument: -Djava.endorsed.dirs=/home/igor/Documents/apache-tomcat-8.0.33/endorsed
19-Oct-2016 20:40:02.182 INFO [main] org.apache.catalina.startup.VersionLoggerListener.log Command line argument: -Dcatalina.base=/home/igor/university/3rd/web-programming/LearnSpring/tomcat
19-Oct-2016 20:40:02.182 INFO [main] org.apache.catalina.startup.VersionLoggerListener.log Command line argument: -Dcatalina.home=/home/igor/Documents/apache-tomcat-8.0.33
19-Oct-2016 20:40:02.182 INFO [main] org.apache.catalina.startup.VersionLoggerListener.log Command line argument: -Djava.io.tmpdir=/home/igor/university/3rd/web-programming/LearnSpring/tomcat/temp
19-Oct-2016 20:40:02.183 INFO [main] org.apache.catalina.core.AprLifecycleListener.lifecycleEvent The APR based Apache Tomcat Native library which allows optimal performance in production environments was not found on the java.library.path: /usr/java/packages/lib/amd64:/usr/lib64:/lib64:/lib:/usr/lib
19-Oct-2016 20:40:02.566 INFO [main] org.apache.coyote.AbstractProtocol.init Initializing ProtocolHandler ["http-nio-8080"]
19-Oct-2016 20:40:02.593 INFO [main] org.apache.tomcat.util.net.NioSelectorPool.getSharedSelector Using a shared selector for servlet write/read
19-Oct-2016 20:40:02.598 INFO [main] org.apache.coyote.AbstractProtocol.init Initializing ProtocolHandler ["ajp-nio-8009"]
19-Oct-2016 20:40:02.603 INFO [main] org.apache.tomcat.util.net.NioSelectorPool.getSharedSelector Using a shared selector for servlet write/read
19-Oct-2016 20:40:02.603 INFO [main] org.apache.catalina.startup.Catalina.load Initialization processed in 1333 ms
19-Oct-2016 20:40:02.652 INFO [main] org.apache.catalina.core.StandardService.startInternal Starting service Catalina
19-Oct-2016 20:40:02.653 INFO [main] org.apache.catalina.core.StandardEngine.startInternal Starting Servlet Engine: Apache Tomcat/8.0.33
19-Oct-2016 20:40:02.708 INFO [localhost-startStop-1] org.apache.catalina.startup.HostConfig.deployWAR Deploying web application archive /home/igor/university/3rd/web-programming/LearnSpring/tomcat/webapps/spring.war
19-Oct-2016 20:40:09.017 INFO [localhost-startStop-1] org.apache.jasper.servlet.TldScanner.scanJars At least one JAR was scanned for TLDs yet contained no TLDs. Enable debug logging for this logger for a complete list of JARs that were scanned but no TLDs were found in them. Skipping unneeded JARs during scanning can improve startup time and JSP compilation time.
19-Oct-2016 20:40:09.124 INFO [localhost-startStop-1] org.springframework.web.context.ContextLoader.initWebApplicationContext Root WebApplicationContext: initialization started
19-Oct-2016 20:40:09.313 INFO [localhost-startStop-1] org.springframework.web.context.support.XmlWebApplicationContext.prepareRefresh Refreshing Root WebApplicationContext: startup date [Wed Oct 19 20:40:09 MSK 2016]; root of context hierarchy
19-Oct-2016 20:40:09.408 INFO [localhost-startStop-1] org.springframework.beans.factory.xml.XmlBeanDefinitionReader.loadBeanDefinitions Loading XML bean definitions from ServletContext resource [/WEB-INF/applicationContext.xml]
19-Oct-2016 20:40:09.603 INFO [localhost-startStop-1] org.springframework.web.context.ContextLoader.initWebApplicationContext Root WebApplicationContext: initialization completed in 479 ms
19-Oct-2016 20:40:09.679 INFO [localhost-startStop-1] org.springframework.web.servlet.DispatcherServlet.initServletBean FrameworkServlet 'dispatcher': initialization started
19-Oct-2016 20:40:09.688 INFO [localhost-startStop-1] org.springframework.web.context.support.XmlWebApplicationContext.prepareRefresh Refreshing WebApplicationContext for namespace 'dispatcher-servlet': startup date [Wed Oct 19 20:40:09 MSK 2016]; parent: Root WebApplicationContext
19-Oct-2016 20:40:09.691 INFO [localhost-startStop-1] org.springframework.beans.factory.xml.XmlBeanDefinitionReader.loadBeanDefinitions Loading XML bean definitions from ServletContext resource [/WEB-INF/dispatcher-servlet.xml]
19-Oct-2016 20:40:10.048 INFO [localhost-startStop-1] org.springframework.web.servlet.DispatcherServlet.initServletBean FrameworkServlet 'dispatcher': initialization completed in 369 ms
19-Oct-2016 20:40:10.061 INFO [localhost-startStop-1] org.apache.catalina.startup.HostConfig.deployWAR Deployment of web application archive /home/igor/university/3rd/web-programming/LearnSpring/tomcat/webapps/spring.war has finished in 7,352 ms
19-Oct-2016 20:40:10.073 INFO [main] org.apache.coyote.AbstractProtocol.start Starting ProtocolHandler ["http-nio-8080"]
19-Oct-2016 20:40:10.086 INFO [main] org.apache.coyote.AbstractProtocol.start Starting ProtocolHandler ["ajp-nio-8009"]
19-Oct-2016 20:40:10.087 INFO [main] org.apache.catalina.startup.Catalina.start Server startup in 7483 ms
19-Oct-2016 20:43:29.426 INFO [Thread-5] org.apache.coyote.AbstractProtocol.pause Pausing ProtocolHandler ["http-nio-8080"]
19-Oct-2016 20:43:29.483 INFO [Thread-5] org.apache.coyote.AbstractProtocol.pause Pausing ProtocolHandler ["ajp-nio-8009"]
19-Oct-2016 20:43:29.534 INFO [Thread-5] org.apache.catalina.core.StandardService.stopInternal Stopping service Catalina
19-Oct-2016 20:43:29.542 INFO [localhost-startStop-2] org.springframework.web.context.support.XmlWebApplicationContext.doClose Closing WebApplicationContext for namespace 'dispatcher-servlet': startup date [Wed Oct 19 20:40:09 MSK 2016]; parent: Root WebApplicationContext
19-Oct-2016 20:43:29.549 INFO [localhost-startStop-2] org.springframework.web.context.support.XmlWebApplicationContext.doClose Closing Root WebApplicationContext: startup date [Wed Oct 19 20:40:09 MSK 2016]; root of context hierarchy
19-Oct-2016 20:43:29.575 INFO [Thread-5] org.apache.coyote.AbstractProtocol.stop Stopping ProtocolHandler ["http-nio-8080"]
19-Oct-2016 20:43:29.579 INFO [Thread-5] org.apache.coyote.AbstractProtocol.stop Stopping ProtocolHandler ["ajp-nio-8009"]
19-Oct-2016 20:43:29.581 INFO [Thread-5] org.apache.coyote.AbstractProtocol.destroy Destroying ProtocolHandler ["http-nio-8080"]
19-Oct-2016 20:43:29.582 INFO [Thread-5] org.apache.coyote.AbstractProtocol.destroy Destroying ProtocolHandler ["ajp-nio-8009"]
19-Oct-2016 20:43:34.640 INFO [main] org.apache.catalina.startup.VersionLoggerListener.log Server version:        Apache Tomcat/8.0.33
19-Oct-2016 20:43:34.642 INFO [main] org.apache.catalina.startup.VersionLoggerListener.log Server built:          Mar 18 2016 20:31:49 UTC
19-Oct-2016 20:43:34.642 INFO [main] org.apache.catalina.startup.VersionLoggerListener.log Server number:         8.0.33.0
19-Oct-2016 20:43:34.642 INFO [main] org.apache.catalina.startup.VersionLoggerListener.log OS Name:               Linux
19-Oct-2016 20:43:34.643 INFO [main] org.apache.catalina.startup.VersionLoggerListener.log OS Version:            4.2.0-35-generic
19-Oct-2016 20:43:34.643 INFO [main] org.apache.catalina.startup.VersionLoggerListener.log Architecture:          amd64
19-Oct-2016 20:43:34.643 INFO [main] org.apache.catalina.startup.VersionLoggerListener.log Java Home:             /usr/lib/jvm/java-7-oracle/jre
19-Oct-2016 20:43:34.643 INFO [main] org.apache.catalina.startup.VersionLoggerListener.log JVM Version:           1.7.0_80-b15
19-Oct-2016 20:43:34.643 INFO [main] org.apache.catalina.startup.VersionLoggerListener.log JVM Vendor:            Oracle Corporation
19-Oct-2016 20:43:34.643 INFO [main] org.apache.catalina.startup.VersionLoggerListener.log CATALINA_BASE:         /home/igor/university/3rd/web-programming/LearnSpring/tomcat
19-Oct-2016 20:43:34.643 INFO [main] org.apache.catalina.startup.VersionLoggerListener.log CATALINA_HOME:         /home/igor/Documents/apache-tomcat-8.0.33
19-Oct-2016 20:43:34.644 INFO [main] org.apache.catalina.startup.VersionLoggerListener.log Command line argument: -Djava.util.logging.config.file=/home/igor/university/3rd/web-programming/LearnSpring/tomcat/conf/logging.properties
19-Oct-2016 20:43:34.644 INFO [main] org.apache.catalina.startup.VersionLoggerListener.log Command line argument: -Djava.util.logging.manager=org.apache.juli.ClassLoaderLogManager
19-Oct-2016 20:43:34.644 INFO [main] org.apache.catalina.startup.VersionLoggerListener.log Command line argument: -Djava.endorsed.dirs=/home/igor/Documents/apache-tomcat-8.0.33/endorsed
19-Oct-2016 20:43:34.645 INFO [main] org.apache.catalina.startup.VersionLoggerListener.log Command line argument: -Dcatalina.base=/home/igor/university/3rd/web-programming/LearnSpring/tomcat
19-Oct-2016 20:43:34.645 INFO [main] org.apache.catalina.startup.VersionLoggerListener.log Command line argument: -Dcatalina.home=/home/igor/Documents/apache-tomcat-8.0.33
19-Oct-2016 20:43:34.645 INFO [main] org.apache.catalina.startup.VersionLoggerListener.log Command line argument: -Djava.io.tmpdir=/home/igor/university/3rd/web-programming/LearnSpring/tomcat/temp
19-Oct-2016 20:43:34.645 INFO [main] org.apache.catalina.core.AprLifecycleListener.lifecycleEvent The APR based Apache Tomcat Native library which allows optimal performance in production environments was not found on the java.library.path: /usr/java/packages/lib/amd64:/usr/lib64:/lib64:/lib:/usr/lib
19-Oct-2016 20:43:35.080 INFO [main] org.apache.coyote.AbstractProtocol.init Initializing ProtocolHandler ["http-nio-8080"]
19-Oct-2016 20:43:35.122 INFO [main] org.apache.tomcat.util.net.NioSelectorPool.getSharedSelector Using a shared selector for servlet write/read
19-Oct-2016 20:43:35.127 INFO [main] org.apache.coyote.AbstractProtocol.init Initializing ProtocolHandler ["ajp-nio-8009"]
19-Oct-2016 20:43:35.132 INFO [main] org.apache.tomcat.util.net.NioSelectorPool.getSharedSelector Using a shared selector for servlet write/read
19-Oct-2016 20:43:35.133 INFO [main] org.apache.catalina.startup.Catalina.load Initialization processed in 1612 ms
19-Oct-2016 20:43:35.192 INFO [main] org.apache.catalina.core.StandardService.startInternal Starting service Catalina
19-Oct-2016 20:43:35.192 INFO [main] org.apache.catalina.core.StandardEngine.startInternal Starting Servlet Engine: Apache Tomcat/8.0.33
19-Oct-2016 20:43:35.261 INFO [localhost-startStop-1] org.apache.catalina.startup.HostConfig.deployWAR Deploying web application archive /home/igor/university/3rd/web-programming/LearnSpring/tomcat/webapps/spring.war
19-Oct-2016 20:43:42.384 INFO [localhost-startStop-1] org.apache.jasper.servlet.TldScanner.scanJars At least one JAR was scanned for TLDs yet contained no TLDs. Enable debug logging for this logger for a complete list of JARs that were scanned but no TLDs were found in them. Skipping unneeded JARs during scanning can improve startup time and JSP compilation time.
19-Oct-2016 20:43:42.473 INFO [localhost-startStop-1] org.springframework.web.context.ContextLoader.initWebApplicationContext Root WebApplicationContext: initialization started
19-Oct-2016 20:43:42.661 INFO [localhost-startStop-1] org.springframework.web.context.support.XmlWebApplicationContext.prepareRefresh Refreshing Root WebApplicationContext: startup date [Wed Oct 19 20:43:42 MSK 2016]; root of context hierarchy
19-Oct-2016 20:43:42.754 INFO [localhost-startStop-1] org.springframework.beans.factory.xml.XmlBeanDefinitionReader.loadBeanDefinitions Loading XML bean definitions from ServletContext resource [/WEB-INF/applicationContext.xml]
19-Oct-2016 20:43:42.944 INFO [localhost-startStop-1] org.springframework.web.context.ContextLoader.initWebApplicationContext Root WebApplicationContext: initialization completed in 471 ms
19-Oct-2016 20:43:43.028 INFO [localhost-startStop-1] org.springframework.web.servlet.DispatcherServlet.initServletBean FrameworkServlet 'dispatcher': initialization started
19-Oct-2016 20:43:43.037 INFO [localhost-startStop-1] org.springframework.web.context.support.XmlWebApplicationContext.prepareRefresh Refreshing WebApplicationContext for namespace 'dispatcher-servlet': startup date [Wed Oct 19 20:43:43 MSK 2016]; parent: Root WebApplicationContext
19-Oct-2016 20:43:43.040 INFO [localhost-startStop-1] org.springframework.beans.factory.xml.XmlBeanDefinitionReader.loadBeanDefinitions Loading XML bean definitions from ServletContext resource [/WEB-INF/dispatcher-servlet.xml]
19-Oct-2016 20:43:43.348 INFO [localhost-startStop-1] org.springframework.web.servlet.DispatcherServlet.initServletBean FrameworkServlet 'dispatcher': initialization completed in 320 ms
19-Oct-2016 20:43:43.366 INFO [localhost-startStop-1] org.apache.catalina.startup.HostConfig.deployWAR Deployment of web application archive /home/igor/university/3rd/web-programming/LearnSpring/tomcat/webapps/spring.war has finished in 8,105 ms
19-Oct-2016 20:43:43.370 INFO [main] org.apache.coyote.AbstractProtocol.start Starting ProtocolHandler ["http-nio-8080"]
19-Oct-2016 20:43:43.379 INFO [main] org.apache.coyote.AbstractProtocol.start Starting ProtocolHandler ["ajp-nio-8009"]
19-Oct-2016 20:43:43.380 INFO [main] org.apache.catalina.startup.Catalina.start Server startup in 8247 ms
19-Oct-2016 20:43:57.897 INFO [Thread-5] org.apache.coyote.AbstractProtocol.pause Pausing ProtocolHandler ["http-nio-8080"]
19-Oct-2016 20:43:57.953 INFO [Thread-5] org.apache.coyote.AbstractProtocol.pause Pausing ProtocolHandler ["ajp-nio-8009"]
19-Oct-2016 20:43:58.004 INFO [Thread-5] org.apache.catalina.core.StandardService.stopInternal Stopping service Catalina
19-Oct-2016 20:43:58.012 INFO [localhost-startStop-2] org.springframework.web.context.support.XmlWebApplicationContext.doClose Closing WebApplicationContext for namespace 'dispatcher-servlet': startup date [Wed Oct 19 20:43:43 MSK 2016]; parent: Root WebApplicationContext
19-Oct-2016 20:43:58.021 INFO [localhost-startStop-2] org.springframework.web.context.support.XmlWebApplicationContext.doClose Closing Root WebApplicationContext: startup date [Wed Oct 19 20:43:42 MSK 2016]; root of context hierarchy
19-Oct-2016 20:43:58.045 INFO [Thread-5] org.apache.coyote.AbstractProtocol.stop Stopping ProtocolHandler ["http-nio-8080"]
19-Oct-2016 20:43:58.046 INFO [Thread-5] org.apache.coyote.AbstractProtocol.stop Stopping ProtocolHandler ["ajp-nio-8009"]
19-Oct-2016 20:43:58.048 INFO [Thread-5] org.apache.coyote.AbstractProtocol.destroy Destroying ProtocolHandler ["http-nio-8080"]
19-Oct-2016 20:43:58.048 INFO [Thread-5] org.apache.coyote.AbstractProtocol.destroy Destroying ProtocolHandler ["ajp-nio-8009"]
19-Oct-2016 20:44:11.713 INFO [main] org.apache.catalina.startup.VersionLoggerListener.log Server version:        Apache Tomcat/8.0.33
19-Oct-2016 20:44:11.716 INFO [main] org.apache.catalina.startup.VersionLoggerListener.log Server built:          Mar 18 2016 20:31:49 UTC
19-Oct-2016 20:44:11.716 INFO [main] org.apache.catalina.startup.VersionLoggerListener.log Server number:         8.0.33.0
19-Oct-2016 20:44:11.716 INFO [main] org.apache.catalina.startup.VersionLoggerListener.log OS Name:               Linux
19-Oct-2016 20:44:11.717 INFO [main] org.apache.catalina.startup.VersionLoggerListener.log OS Version:            4.2.0-35-generic
19-Oct-2016 20:44:11.717 INFO [main] org.apache.catalina.startup.VersionLoggerListener.log Architecture:          amd64
19-Oct-2016 20:44:11.717 INFO [main] org.apache.catalina.startup.VersionLoggerListener.log Java Home:             /usr/lib/jvm/java-7-oracle/jre
19-Oct-2016 20:44:11.717 INFO [main] org.apache.catalina.startup.VersionLoggerListener.log JVM Version:           1.7.0_80-b15
19-Oct-2016 20:44:11.718 INFO [main] org.apache.catalina.startup.VersionLoggerListener.log JVM Vendor:            Oracle Corporation
19-Oct-2016 20:44:11.718 INFO [main] org.apache.catalina.startup.VersionLoggerListener.log CATALINA_BASE:         /home/igor/university/3rd/web-programming/LearnSpring/tomcat
19-Oct-2016 20:44:11.718 INFO [main] org.apache.catalina.startup.VersionLoggerListener.log CATALINA_HOME:         /home/igor/Documents/apache-tomcat-8.0.33
19-Oct-2016 20:44:11.719 INFO [main] org.apache.catalina.startup.VersionLoggerListener.log Command line argument: -Djava.util.logging.config.file=/home/igor/university/3rd/web-programming/LearnSpring/tomcat/conf/logging.properties
19-Oct-2016 20:44:11.719 INFO [main] org.apache.catalina.startup.VersionLoggerListener.log Command line argument: -Djava.util.logging.manager=org.apache.juli.ClassLoaderLogManager
19-Oct-2016 20:44:11.720 INFO [main] org.apache.catalina.startup.VersionLoggerListener.log Command line argument: -Djava.endorsed.dirs=/home/igor/Documents/apache-tomcat-8.0.33/endorsed
19-Oct-2016 20:44:11.720 INFO [main] org.apache.catalina.startup.VersionLoggerListener.log Command line argument: -Dcatalina.base=/home/igor/university/3rd/web-programming/LearnSpring/tomcat
19-Oct-2016 20:44:11.720 INFO [main] org.apache.catalina.startup.VersionLoggerListener.log Command line argument: -Dcatalina.home=/home/igor/Documents/apache-tomcat-8.0.33
19-Oct-2016 20:44:11.721 INFO [main] org.apache.catalina.startup.VersionLoggerListener.log Command line argument: -Djava.io.tmpdir=/home/igor/university/3rd/web-programming/LearnSpring/tomcat/temp
19-Oct-2016 20:44:11.721 INFO [main] org.apache.catalina.core.AprLifecycleListener.lifecycleEvent The APR based Apache Tomcat Native library which allows optimal performance in production environments was not found on the java.library.path: /usr/java/packages/lib/amd64:/usr/lib64:/lib64:/lib:/usr/lib
19-Oct-2016 20:44:12.186 INFO [main] org.apache.coyote.AbstractProtocol.init Initializing ProtocolHandler ["http-nio-8080"]
19-Oct-2016 20:44:12.225 INFO [main] org.apache.tomcat.util.net.NioSelectorPool.getSharedSelector Using a shared selector for servlet write/read
19-Oct-2016 20:44:12.230 INFO [main] org.apache.coyote.AbstractProtocol.init Initializing ProtocolHandler ["ajp-nio-8009"]
19-Oct-2016 20:44:12.234 INFO [main] org.apache.tomcat.util.net.NioSelectorPool.getSharedSelector Using a shared selector for servlet write/read
19-Oct-2016 20:44:12.235 INFO [main] org.apache.catalina.startup.Catalina.load Initialization processed in 1274 ms
19-Oct-2016 20:44:12.295 INFO [main] org.apache.catalina.core.StandardService.startInternal Starting service Catalina
19-Oct-2016 20:44:12.296 INFO [main] org.apache.catalina.core.StandardEngine.startInternal Starting Servlet Engine: Apache Tomcat/8.0.33
19-Oct-2016 20:44:12.359 INFO [localhost-startStop-1] org.apache.catalina.startup.HostConfig.deployWAR Deploying web application archive /home/igor/university/3rd/web-programming/LearnSpring/tomcat/webapps/spring.war
19-Oct-2016 20:44:17.762 INFO [localhost-startStop-1] org.apache.jasper.servlet.TldScanner.scanJars At least one JAR was scanned for TLDs yet contained no TLDs. Enable debug logging for this logger for a complete list of JARs that were scanned but no TLDs were found in them. Skipping unneeded JARs during scanning can improve startup time and JSP compilation time.
19-Oct-2016 20:44:17.865 INFO [localhost-startStop-1] org.springframework.web.context.ContextLoader.initWebApplicationContext Root WebApplicationContext: initialization started
19-Oct-2016 20:44:18.046 INFO [localhost-startStop-1] org.springframework.web.context.support.XmlWebApplicationContext.prepareRefresh Refreshing Root WebApplicationContext: startup date [Wed Oct 19 20:44:18 MSK 2016]; root of context hierarchy
19-Oct-2016 20:44:18.143 INFO [localhost-startStop-1] org.springframework.beans.factory.xml.XmlBeanDefinitionReader.loadBeanDefinitions Loading XML bean definitions from ServletContext resource [/WEB-INF/applicationContext.xml]
19-Oct-2016 20:44:18.338 INFO [localhost-startStop-1] org.springframework.web.context.ContextLoader.initWebApplicationContext Root WebApplicationContext: initialization completed in 473 ms
19-Oct-2016 20:44:18.419 INFO [localhost-startStop-1] org.springframework.web.servlet.DispatcherServlet.initServletBean FrameworkServlet 'dispatcher': initialization started
19-Oct-2016 20:44:18.428 INFO [localhost-startStop-1] org.springframework.web.context.support.XmlWebApplicationContext.prepareRefresh Refreshing WebApplicationContext for namespace 'dispatcher-servlet': startup date [Wed Oct 19 20:44:18 MSK 2016]; parent: Root WebApplicationContext
19-Oct-2016 20:44:18.431 INFO [localhost-startStop-1] org.springframework.beans.factory.xml.XmlBeanDefinitionReader.loadBeanDefinitions Loading XML bean definitions from ServletContext resource [/WEB-INF/dispatcher-servlet.xml]
19-Oct-2016 20:44:18.822 INFO [localhost-startStop-1] org.springframework.web.servlet.DispatcherServlet.initServletBean FrameworkServlet 'dispatcher': initialization completed in 403 ms
19-Oct-2016 20:44:18.835 INFO [localhost-startStop-1] org.apache.catalina.startup.HostConfig.deployWAR Deployment of web application archive /home/igor/university/3rd/web-programming/LearnSpring/tomcat/webapps/spring.war has finished in 6,475 ms
19-Oct-2016 20:44:18.841 INFO [main] org.apache.coyote.AbstractProtocol.start Starting ProtocolHandler ["http-nio-8080"]
19-Oct-2016 20:44:18.852 INFO [main] org.apache.coyote.AbstractProtocol.start Starting ProtocolHandler ["ajp-nio-8009"]
19-Oct-2016 20:44:18.853 INFO [main] org.apache.catalina.startup.Catalina.start Server startup in 6618 ms
19-Oct-2016 23:43:24.668 INFO [Thread-5] org.apache.coyote.AbstractProtocol.pause Pausing ProtocolHandler ["http-nio-8080"]
19-Oct-2016 23:43:24.724 INFO [Thread-5] org.apache.coyote.AbstractProtocol.pause Pausing ProtocolHandler ["ajp-nio-8009"]
19-Oct-2016 23:43:24.775 INFO [Thread-5] org.apache.catalina.core.StandardService.stopInternal Stopping service Catalina
19-Oct-2016 23:43:24.781 INFO [localhost-startStop-2] org.springframework.web.context.support.XmlWebApplicationContext.doClose Closing WebApplicationContext for namespace 'dispatcher-servlet': startup date [Wed Oct 19 20:44:18 MSK 2016]; parent: Root WebApplicationContext
19-Oct-2016 23:43:24.783 INFO [localhost-startStop-2] org.springframework.web.context.support.XmlWebApplicationContext.doClose Closing Root WebApplicationContext: startup date [Wed Oct 19 20:44:18 MSK 2016]; root of context hierarchy
19-Oct-2016 23:43:24.805 INFO [Thread-5] org.apache.coyote.AbstractProtocol.stop Stopping ProtocolHandler ["http-nio-8080"]
19-Oct-2016 23:43:24.885 INFO [Thread-5] org.apache.coyote.AbstractProtocol.stop Stopping ProtocolHandler ["ajp-nio-8009"]
19-Oct-2016 23:43:24.887 INFO [Thread-5] org.apache.coyote.AbstractProtocol.destroy Destroying ProtocolHandler ["http-nio-8080"]
19-Oct-2016 23:43:24.888 INFO [Thread-5] org.apache.coyote.AbstractProtocol.destroy Destroying ProtocolHandler ["ajp-nio-8009"]
